<?xml version="1.0" encoding="UTF-8"?>
<!-- Generated by org.testng.reporters.JUnitReportReporter -->
<testsuite hostname="SuRaj" failures="0" tests="2" name="test.loginData" time="23.168" errors="0" timestamp="2023-01-19T13:40:20 IST" skipped="0">
  <testcase classname="test.loginData" name="CheckLogin" time="11.817"/>
  <system-out/>
  <testcase classname="test.loginData" name="CheckLogin" time="11.351"/>
  <system-out/>
</testsuite> <!-- test.loginData -->
