<?xml version="1.0" encoding="UTF-8"?>
<!-- Generated by org.testng.reporters.JUnitReportReporter -->
<testsuite hostname="SuRaj" failures="0" tests="1" name="test.WebTable_PrintSpecificData" time="9.347" errors="0" timestamp="2023-01-23T17:10:49 IST" skipped="0">
  <testcase classname="test.WebTable_PrintSpecificData" name="PrintSpecificData" time="9.347"/>
  <system-out/>
</testsuite> <!-- test.WebTable_PrintSpecificData -->
