<?xml version="1.0" encoding="UTF-8"?>
<!-- Generated by org.testng.reporters.JUnitReportReporter -->
<testsuite hostname="SuRaj" failures="0" tests="1" name="test.DropDownMultipleSelected" time="12.491" errors="0" timestamp="2023-01-23T17:10:49 IST" skipped="0">
  <testcase classname="test.DropDownMultipleSelected" name="DropDownSelectMultipleValue" time="12.491"/>
  <system-out/>
</testsuite> <!-- test.DropDownMultipleSelected -->
