<?xml version="1.0" encoding="UTF-8"?>
<!-- Generated by org.testng.reporters.JUnitReportReporter -->
<testsuite hostname="SuRaj" failures="0" tests="1" name="test.Dhanashree_Test" time="13.133" errors="0" timestamp="2023-01-22T22:55:54 IST" skipped="0">
  <testcase classname="test.Dhanashree_Test" name="click_checkbox" time="13.133"/>
  <system-out/>
</testsuite> <!-- test.Dhanashree_Test -->
