<?xml version="1.0" encoding="UTF-8"?>
<!-- Generated by org.testng.reporters.JUnitReportReporter -->
<testsuite hostname="SuRaj" failures="0" tests="1" name="test.Slider_Funtionality" time="9.168" errors="0" timestamp="2023-01-29T08:26:15 IST" skipped="0">
  <testcase classname="test.Slider_Funtionality" name="ValidateSlider" time="9.168"/>
  <system-out/>
</testsuite> <!-- test.Slider_Funtionality -->
