<?xml version="1.0" encoding="UTF-8"?>
<!-- Generated by org.testng.reporters.JUnitReportReporter -->
<testsuite hostname="SuRaj" failures="0" tests="1" name="test.ByDefaultText_DropDown" time="8.120" errors="0" timestamp="2023-01-23T17:10:49 IST" skipped="0">
  <testcase classname="test.ByDefaultText_DropDown" name="CheckDefaultTextDropDown" time="8.120"/>
  <system-out/>
</testsuite> <!-- test.ByDefaultText_DropDown -->
