<?xml version="1.0" encoding="UTF-8"?>
<!-- Generated by org.testng.reporters.JUnitReportReporter -->
<testsuite hostname="SuRaj" failures="0" tests="3" name="test.DataFromExcel" time="36.579" errors="0" timestamp="2023-02-05T18:25:51 IST" skipped="0">
  <testcase classname="test.DataFromExcel" name="CheckLogin" time="12.351"/>
  <system-out/>
  <testcase classname="test.DataFromExcel" name="CheckLogin" time="12.678"/>
  <system-out/>
  <testcase classname="test.DataFromExcel" name="CheckLogin" time="11.550"/>
  <system-out/>
</testsuite> <!-- test.DataFromExcel -->
