<?xml version="1.0" encoding="UTF-8"?>
<!-- Generated by org.testng.reporters.JUnitReportReporter -->
<testsuite hostname="SuRaj" failures="0" tests="1" name="test.Size_DropDownValue" time="8.747" errors="0" timestamp="2023-01-23T17:10:49 IST" skipped="0">
  <testcase classname="test.Size_DropDownValue" name="SizeOfDropDown" time="8.747"/>
  <system-out/>
</testsuite> <!-- test.Size_DropDownValue -->
