<?xml version="1.0" encoding="UTF-8"?>
<!-- Generated by org.testng.reporters.JUnitReportReporter -->
<testsuite hostname="SuRaj" failures="0" tests="2" name="test.Verify_Login_withDataProvider_validation" time="22.203" errors="0" timestamp="2023-01-19T15:21:30 IST" skipped="0">
  <testcase classname="test.Verify_Login_withDataProvider_validation" name="CheckLogin" time="11.369"/>
  <system-out/>
  <testcase classname="test.Verify_Login_withDataProvider_validation" name="CheckLogin" time="10.834"/>
  <system-out/>
</testsuite> <!-- test.Verify_Login_withDataProvider_validation -->
