<?xml version="1.0" encoding="UTF-8"?>
<!-- Generated by org.testng.reporters.JUnitReportReporter -->
<testsuite hostname="SuRaj" failures="0" tests="1" name="test.Verify_PopUpText_afterSelecting_DropDown" time="8.888" errors="0" timestamp="2023-01-23T17:10:49 IST" skipped="0">
  <testcase classname="test.Verify_PopUpText_afterSelecting_DropDown" name="PopUpText" time="8.888"/>
  <system-out/>
</testsuite> <!-- test.Verify_PopUpText_afterSelecting_DropDown -->
