<?xml version="1.0" encoding="UTF-8"?>
<!-- Generated by org.testng.reporters.JUnitReportReporter -->
<testsuite hostname="SuRaj" failures="0" tests="1" name="test.Workspace_Lebel_GetText" time="6.732" errors="0" timestamp="2023-01-23T17:10:49 IST" skipped="0">
  <testcase classname="test.Workspace_Lebel_GetText" name="CheckworkSpaceLabel" time="6.732"/>
  <system-out/>
</testsuite> <!-- test.Workspace_Lebel_GetText -->
