<?xml version="1.0" encoding="UTF-8"?>
<!-- Generated by org.testng.reporters.JUnitReportReporter -->
<testsuite hostname="SuRaj" failures="0" tests="1" name="test.WorkSpace_Lebel_Display" time="16.597" errors="0" timestamp="2023-01-23T17:10:49 IST" skipped="0">
  <testcase classname="test.WorkSpace_Lebel_Display" name="CheckworkSpaceLabel" time="16.597"/>
  <system-out/>
</testsuite> <!-- test.WorkSpace_Lebel_Display -->
