<?xml version="1.0" encoding="UTF-8"?>
<!-- Generated by org.testng.reporters.JUnitReportReporter -->
<testsuite hostname="SuRaj" failures="0" tests="1" name="test.GetDataFromExcel" time="0.000" errors="1" timestamp="2023-01-23T17:10:49 IST" skipped="0">
  <testcase classname="test.GetDataFromExcel" name="CheckLogin" time="0.000">
    <error message="
Method public void test.GetDataFromExcel.CheckLogin(java.lang.String,java.lang.String) requires a @DataProvider named : empLogin in class pom.DataFromExcel" type="org.testng.TestNGException">
      <![CDATA[org.testng.TestNGException: 
Method public void test.GetDataFromExcel.CheckLogin(java.lang.String,java.lang.String) requires a @DataProvider named : empLogin in class pom.DataFromExcel
at org.testng.internal.Parameters.findDataProvider(Parameters.java:561)
at org.testng.internal.Parameters.handleParameters(Parameters.java:772)
at org.testng.internal.Parameters.handleParameters(Parameters.java:740)
at org.testng.internal.ParameterHandler.handleParameters(ParameterHandler.java:59)
at org.testng.internal.ParameterHandler.createParameters(ParameterHandler.java:38)
at org.testng.internal.TestInvoker$MethodInvocationAgent.invoke(TestInvoker.java:791)
at org.testng.internal.TestInvoker.invokeTestMethods(TestInvoker.java:146)
at org.testng.internal.TestMethodWorker.invokeTestMethods(TestMethodWorker.java:146)
at org.testng.internal.TestMethodWorker.run(TestMethodWorker.java:128)
at java.base/java.util.concurrent.ThreadPoolExecutor.runWorker(ThreadPoolExecutor.java:1136)
at java.base/java.util.concurrent.ThreadPoolExecutor$Worker.run(ThreadPoolExecutor.java:635)
at java.base/java.lang.Thread.run(Thread.java:833)
]]>
    </error>
  </testcase> <!-- CheckLogin -->
  <system-out/>
</testsuite> <!-- test.GetDataFromExcel -->
