<?xml version="1.0" encoding="UTF-8"?>
<!-- Generated by org.testng.reporters.JUnitReportReporter -->
<testsuite hostname="SuRaj" failures="0" tests="2" name="test.Workspace_Lebel" time="44.715" errors="0" timestamp="2023-01-17T14:00:31 IST" skipped="0">
  <testcase classname="test.Workspace_Lebel" name="CheckworkSpaceLabel" time="17.659"/>
  <system-out/>
  <testcase classname="test.Workspace_Lebel" name="CheckworkSpaceLabel" time="27.056"/>
  <system-out/>
</testsuite> <!-- test.Workspace_Lebel -->
