<?xml version="1.0" encoding="UTF-8"?>
<!-- Generated by org.testng.reporters.JUnitReportReporter -->
<testsuite hostname="SuRaj" failures="0" tests="1" name="test.DropDownSelectMultipleValues" time="16.540" errors="0" timestamp="2023-01-23T17:10:49 IST" skipped="0">
  <testcase classname="test.DropDownSelectMultipleValues" name="DropDownSelectMultipleValue" time="16.540"/>
  <system-out/>
</testsuite> <!-- test.DropDownSelectMultipleValues -->
