<?xml version="1.0" encoding="UTF-8"?>
<!-- Generated by org.testng.reporters.JUnitReportReporter -->
<testsuite hostname="SuRaj" failures="0" tests="3" name="test.DataFromExcel" time="34.194" errors="0" timestamp="2023-01-23T17:10:49 IST" skipped="0">
  <testcase classname="test.DataFromExcel" name="CheckLogin" time="11.447"/>
  <system-out/>
  <testcase classname="test.DataFromExcel" name="CheckLogin" time="11.203"/>
  <system-out/>
  <testcase classname="test.DataFromExcel" name="CheckLogin" time="11.544"/>
  <system-out/>
</testsuite> <!-- test.DataFromExcel -->
