<?xml version="1.0" encoding="UTF-8"?>
<!-- Generated by org.testng.reporters.JUnitReportReporter -->
<testsuite hostname="SuRaj" failures="0" tests="2" name="test.LoginData_DataProvider" time="20.292" errors="0" timestamp="2023-01-23T17:10:49 IST" skipped="0">
  <testcase classname="test.LoginData_DataProvider" name="CheckLogin" time="7.082"/>
  <system-out/>
  <testcase classname="test.LoginData_DataProvider" name="CheckLogin" time="13.210"/>
  <system-out/>
</testsuite> <!-- test.LoginData_DataProvider -->
