<?xml version="1.0" encoding="UTF-8"?>
<!-- Generated by org.testng.reporters.JUnitReportReporter -->
<testsuite hostname="SuRaj" failures="0" tests="1" name="test.WorkSpace_click_to_Go_on_testingPage" time="9.420" errors="0" timestamp="2023-01-23T17:10:49 IST" skipped="0">
  <testcase classname="test.WorkSpace_click_to_Go_on_testingPage" name="CheckworkSpaceLabel" time="9.420"/>
  <system-out/>
</testsuite> <!-- test.WorkSpace_click_to_Go_on_testingPage -->
