<?xml version="1.0" encoding="UTF-8"?>
<!-- Generated by org.testng.reporters.JUnitReportReporter -->
<testsuite hostname="SuRaj" failures="0" tests="1" name="test.LoginPage_Test" time="9.598" errors="0" timestamp="2023-01-29T11:05:04 IST" skipped="0">
  <testcase classname="test.LoginPage_Test" name="checkLoginPage" time="9.598"/>
  <system-out/>
</testsuite> <!-- test.LoginPage_Test -->
