<?xml version="1.0" encoding="UTF-8"?>
<!-- Generated by org.testng.reporters.JUnitReportReporter -->
<testsuite hostname="SuRaj" failures="0" tests="1" name="test.Workspace_Lebel_Text" time="11.611" errors="0" timestamp="2023-01-17T14:21:15 IST" skipped="0">
  <testcase classname="test.Workspace_Lebel_Text" name="CheckworkSpaceLabel" time="11.611"/>
  <system-out/>
</testsuite> <!-- test.Workspace_Lebel_Text -->
