<?xml version="1.0" encoding="UTF-8"?>
<!-- Generated by org.testng.reporters.JUnitReportReporter -->
<testsuite hostname="SuRaj" failures="0" tests="1" name="test.Veirify_AlertShowsorNot" time="8.535" errors="0" timestamp="2023-01-23T17:10:49 IST" skipped="0">
  <testcase classname="test.Veirify_AlertShowsorNot" name="ClickOnAlert" time="8.535"/>
  <system-out/>
</testsuite> <!-- test.Veirify_AlertShowsorNot -->
