<?xml version="1.0" encoding="UTF-8"?>
<!-- Generated by org.testng.reporters.JUnitReportReporter -->
<testsuite hostname="SuRaj" failures="0" tests="1" name="test.getText_fromInput_Label" time="7.701" errors="0" timestamp="2023-01-23T17:10:49 IST" skipped="0">
  <testcase classname="test.getText_fromInput_Label" name="GetTextFromLabel" time="7.701"/>
  <system-out/>
</testsuite> <!-- test.getText_fromInput_Label -->
