<?xml version="1.0" encoding="UTF-8"?>
<!-- Generated by org.testng.reporters.JUnitReportReporter -->
<testsuite hostname="SuRaj" failures="0" tests="1" name="test.Alerts_With_Wait" time="13.317" errors="0" timestamp="2023-01-23T17:10:49 IST" skipped="0">
  <testcase classname="test.Alerts_With_Wait" name="TestAlertsWithWait" time="13.317"/>
  <system-out/>
</testsuite> <!-- test.Alerts_With_Wait -->
